Build started 01/10/2015 11:29:29.
     1>Project "C:\Users\Ludwig\documents\visual studio 2013\Projects\Die6\Die6\Die6.vcxproj" on node 2 (Build target(s)).
     1>ClCompile:
         C:\Program Files (x86)\Microsoft Visual Studio 12.0\VC\bin\CL.exe /c /ZI /nologo /W3 /WX- /sdl /Od /Oy- /D WIN32 /D _DEBUG /D _CONSOLE /D _LIB /D _UNICODE /D UNICODE /Gm /EHsc /RTC1 /MDd /GS /fp:precise /Zc:wchar_t /Zc:forScope /Fo"Debug\\" /Fd"Debug\vc120.pdb" /Gd /TP /analyze- /errorReport:prompt Die.cpp FileDie.cpp Main.cpp Mug.cpp OddDie.cpp
         OddDie.cpp
         Mug.cpp
         Main.cpp
     1>c:\users\ludwig\documents\visual studio 2013\projects\die6\die6\main.cpp(18): warning C4244: 'argument' : conversion from 'time_t' to 'unsigned int', possible loss of data
         FileDie.cpp
         Die.cpp
         Generating Code...
       Link:
         C:\Program Files (x86)\Microsoft Visual Studio 12.0\VC\bin\link.exe /ERRORREPORT:PROMPT /OUT:"C:\Users\Ludwig\documents\visual studio 2013\Projects\Die6\Debug\Die6.exe" /INCREMENTAL /NOLOGO kernel32.lib user32.lib gdi32.lib winspool.lib comdlg32.lib advapi32.lib shell32.lib ole32.lib oleaut32.lib uuid.lib odbc32.lib odbccp32.lib /MANIFEST /MANIFESTUAC:"level='asInvoker' uiAccess='false'" /manifest:embed /DEBUG /PDB:"C:\Users\Ludwig\documents\visual studio 2013\Projects\Die6\Debug\Die6.pdb" /SUBSYSTEM:CONSOLE /TLBID:1 /DYNAMICBASE /NXCOMPAT /IMPLIB:"C:\Users\Ludwig\documents\visual studio 2013\Projects\Die6\Debug\Die6.lib" /MACHINE:X86 Debug\Die.obj
         Debug\FileDie.obj
         Debug\Main.obj
         Debug\Mug.obj
         Debug\OddDie.obj
     1>FileDie.obj : error LNK2019: unresolved external symbol "public: __thiscall Die::Die(void)" (??0Die@@QAE@XZ) referenced in function "public: __thiscall FileDie::FileDie(class std::basic_string<char,struct std::char_traits<char>,class std::allocator<char> > const &)" (??0FileDie@@QAE@ABV?$basic_string@DU?$char_traits@D@std@@V?$allocator@D@2@@std@@@Z)
     1>OddDie.obj : error LNK2001: unresolved external symbol "public: __thiscall Die::Die(void)" (??0Die@@QAE@XZ)
     1>C:\Users\Ludwig\documents\visual studio 2013\Projects\Die6\Debug\Die6.exe : fatal error LNK1120: 1 unresolved externals
     1>Done Building Project "C:\Users\Ludwig\documents\visual studio 2013\Projects\Die6\Die6\Die6.vcxproj" (Build target(s)) -- FAILED.

Build FAILED.

Time Elapsed 00:00:03.56
